INFO: [VRFC 10-2263] Analyzing Verilog file "/home/jmend/Dropbox (MIT)/MIT Sophomore Fall/6.111/final_project/fpglappy/fpglappy/fpglappy.srcs/sources_1/imports/src/SCCB_interface.v" into library xil_defaultlib
INFO: [VRFC 10-311] analyzing module SCCB_interface
INFO: [VRFC 10-2263] Analyzing Verilog file "/home/jmend/Dropbox (MIT)/MIT Sophomore Fall/6.111/final_project/fpglappy/fpglappy/fpglappy.srcs/sources_1/imports/src/OV7670_config_rom.v" into library xil_defaultlib
INFO: [VRFC 10-311] analyzing module OV7670_config_rom
INFO: [VRFC 10-2263] Analyzing Verilog file "/home/jmend/Dropbox (MIT)/MIT Sophomore Fall/6.111/final_project/fpglappy/fpglappy/fpglappy.srcs/sources_1/imports/src/OV7670_config.v" into library xil_defaultlib
INFO: [VRFC 10-311] analyzing module OV7670_config
INFO: [VRFC 10-2263] Analyzing Verilog file "/home/jmend/Dropbox (MIT)/MIT Sophomore Fall/6.111/final_project/fpglappy/fpglappy/fpglappy.srcs/sources_1/imports/src/camera_read.v" into library xil_defaultlib
INFO: [VRFC 10-311] analyzing module camera_read
INFO: [VRFC 10-2263] Analyzing Verilog file "/home/jmend/Dropbox (MIT)/MIT Sophomore Fall/6.111/final_project/fpglappy/fpglappy/fpglappy.srcs/sources_1/imports/src/camera_configure.v" into library xil_defaultlib
INFO: [VRFC 10-311] analyzing module camera_configure
INFO: [VRFC 10-2263] Analyzing Verilog file "/home/jmend/Dropbox (MIT)/MIT Sophomore Fall/6.111/final_project/fpglappy/fpglappy/fpglappy.srcs/sources_1/imports/carAlarm/divider.v" into library xil_defaultlib
INFO: [VRFC 10-311] analyzing module divider
INFO: [VRFC 10-311] analyzing module dividerTester
INFO: [VRFC 10-2263] Analyzing Verilog file "/home/jmend/Dropbox (MIT)/MIT Sophomore Fall/6.111/final_project/fpglappy/fpglappy/fpglappy.srcs/sources_1/new/vision.v" into library xil_defaultlib
INFO: [VRFC 10-311] analyzing module vision
WARNING: [VRFC 10-756] identifier start is used before its declaration [/home/jmend/Dropbox (MIT)/MIT Sophomore Fall/6.111/final_project/fpglappy/fpglappy/fpglappy.srcs/sources_1/new/vision.v:44]
WARNING: [VRFC 10-756] identifier started is used before its declaration [/home/jmend/Dropbox (MIT)/MIT Sophomore Fall/6.111/final_project/fpglappy/fpglappy/fpglappy.srcs/sources_1/new/vision.v:45]
WARNING: [VRFC 10-756] identifier cur_pixel is used before its declaration [/home/jmend/Dropbox (MIT)/MIT Sophomore Fall/6.111/final_project/fpglappy/fpglappy/fpglappy.srcs/sources_1/new/vision.v:46]
INFO: [VRFC 10-2263] Analyzing Verilog file "/home/jmend/Dropbox (MIT)/MIT Sophomore Fall/6.111/final_project/fpglappy/fpglappy/fpglappy.srcs/sim_1/new/v_sim.v" into library xil_defaultlib
INFO: [VRFC 10-311] analyzing module v_sim
INFO: [VRFC 10-2263] Analyzing Verilog file "/home/jmend/Dropbox (MIT)/MIT Sophomore Fall/6.111/final_project/fpglappy/fpglappy/fpglappy.sim/sim_1/behav/glbl.v" into library xil_defaultlib
INFO: [VRFC 10-311] analyzing module glbl
